<?xml version="1.0"?>

<ruleset name="Custom Rules"
         xmlns="http://pmd.sourceforge.net/ruleset/2.0.0"
         xmlns:xsi="http://www.w3.org/2001/XMLSchema-instance"
         xsi:schemaLocation="http://pmd.sourceforge.net/ruleset/2.0.0 https://pmd.sourceforge.io/ruleset_2_0_0.xsd">

    <description>PMD Rules for junit5-wiremock</description>

    <rule ref="category/java/bestpractices.xml">
        <exclude name="JUnitAssertionsShouldIncludeMessage"/>
        <exclude name="JUnitTestContainsTooManyAsserts"/>
    </rule>
    <rule ref="category/java/codestyle.xml">
        <exclude name="AtLeastOneConstructor"/>
        <exclude name="OnlyOneReturn"/>
    </rule>

    <rule ref="category/java/codestyle.xml/TooManyStaticImports">
        <properties>
            <property name="maximumStaticImports" value="8" />
        </properties>
    </rule>

    <rule ref="category/java/design.xml">
        <exclude name="LawOfDemeter"/>
        <exclude name="LoosePackageCoupling"/>
        <exclude name="SignatureDeclareThrowsException"/>
        <exclude name="AvoidThrowingRawExceptionTypes"/>
    </rule>
    <rule ref="category/java/documentation.xml">
        <exclude name="CommentSize"/>
        <exclude name="CommentRequired"/>
    </rule>
    <rule ref="category/java/errorprone.xml">
        <exclude name="BeanMembersShouldSerialize"/>
        <exclude name="DataflowAnomalyAnalysis"/>
        <exclude name="AvoidFieldNameMatchingMethodName"/>
    </rule>
    <rule ref="category/java/multithreading.xml"/>
    <rule ref="category/java/performance.xml"/>
    <rule ref="category/java/security.xml"/>

</ruleset>